# JRE version: OpenJDK Runtime Environment (17.0.6) (build 17.0.6+0-b2043.56-10027231)
# Java VM: OpenJDK 64-Bit Server VM (17.0.6+0-b2043.56-10027231, mixed mode, tiered, compressed oops, compressed class ptrs, g1 gc, windows-amd64)
GC Precious Log:
 CPUs: 4 total, 4 available
 Memory: 7595M
 Large Page Support: Disabled
 NUMA Support: Disabled
 Compressed Oops: Enabled (32-bit)
 Heap Region Size: 1M
 Heap Min Capacity: 8M
 Heap Initial Capacity: 120M
 Heap Max Capacity: 2G
 Pre-touch: Disabled
 Parallel Workers: 4
 Concurrent Workers: 1
 Concurrent Refinement Workers: 4
 Periodic GC: Disabled
Heap:
 garbage-first heap   total 489472K, used 257764K [0x0000000080000000, 0x0000000100000000)
  region size 1024K, 16 young (16384K), 16 survivors (16384K)
 Metaspace       used 157928K, committed 159104K, reserved 1187840K
  class space    used 21313K, committed 21888K, reserved 1048576K
GC Heap History (20 events):
Event: 396.710 GC heap before
{Heap before GC invocations=93 (full 0):
 garbage-first heap   total 421888K, used 363349K [0x0000000080000000, 0x0000000100000000)
  region size 1024K, 122 young (124928K), 5 survivors (5120K)
 Metaspace       used 155786K, committed 156992K, reserved 1187840K
  class space    used 21023K, committed 21632K, reserved 1048576K
}
Event: 396.718 GC heap after
{Heap after GC invocations=94 (full 0):
 garbage-first heap   total 421888K, used 244374K [0x0000000080000000, 0x0000000100000000)
  region size 1024K, 6 young (6144K), 6 survivors (6144K)
 Metaspace       used 155786K, committed 156992K, reserved 1187840K
  class space    used 21023K, committed 21632K, reserved 1048576K
}
Event: 396.959 GC heap before
{Heap before GC invocations=94 (full 0):
 garbage-first heap   total 421888K, used 365206K [0x0000000080000000, 0x0000000100000000)
  region size 1024K, 124 young (126976K), 6 survivors (6144K)
 Metaspace       used 156119K, committed 157376K, reserved 1187840K
  class space    used 21075K, committed 21696K, reserved 1048576K
}
Event: 396.968 GC heap after
{Heap after GC invocations=95 (full 0):
 garbage-first heap   total 421888K, used 244994K [0x0000000080000000, 0x0000000100000000)
  region size 1024K, 7 young (7168K), 7 survivors (7168K)
 Metaspace       used 156119K, committed 157376K, reserved 1187840K
  class space    used 21075K, committed 21696K, reserved 1048576K
}
Event: 397.258 GC heap before
{Heap before GC invocations=95 (full 0):
 garbage-first heap   total 421888K, used 365826K [0x0000000080000000, 0x0000000100000000)
  region size 1024K, 126 young (129024K), 7 survivors (7168K)
 Metaspace       used 156671K, committed 157888K, reserved 1187840K
  class space    used 21144K, committed 21760K, reserved 1048576K
}
Event: 397.266 GC heap after
{Heap after GC invocations=96 (full 0):
 garbage-first heap   total 421888K, used 246016K [0x0000000080000000, 0x0000000100000000)
  region size 1024K, 8 young (8192K), 8 survivors (8192K)
 Metaspace       used 156671K, committed 157888K, reserved 1187840K
  class space    used 21144K, committed 21760K, reserved 1048576K
}
Event: 397.783 GC heap before
{Heap before GC invocations=96 (full 0):
 garbage-first heap   total 421888K, used 368896K [0x0000000080000000, 0x0000000100000000)
  region size 1024K, 127 young (130048K), 8 survivors (8192K)
 Metaspace       used 157125K, committed 158336K, reserved 1187840K
  class space    used 21208K, committed 21824K, reserved 1048576K
}
Event: 397.791 GC heap after
{Heap after GC invocations=97 (full 0):
 garbage-first heap   total 421888K, used 246784K [0x0000000080000000, 0x0000000100000000)
  region size 1024K, 7 young (7168K), 7 survivors (7168K)
 Metaspace       used 157125K, committed 158336K, reserved 1187840K
  class space    used 21208K, committed 21824K, reserved 1048576K
}
Event: 398.017 GC heap before
{Heap before GC invocations=97 (full 0):
 garbage-first heap   total 421888K, used 370688K [0x0000000080000000, 0x0000000100000000)
  region size 1024K, 128 young (131072K), 7 survivors (7168K)
 Metaspace       used 157158K, committed 158336K, reserved 1187840K
  class space    used 21209K, committed 21824K, reserved 1048576K
}
Event: 398.025 GC heap after
{Heap after GC invocations=98 (full 0):
 garbage-first heap   total 421888K, used 245718K [0x0000000080000000, 0x0000000100000000)
  region size 1024K, 7 young (7168K), 7 survivors (7168K)
 Metaspace       used 157158K, committed 158336K, reserved 1187840K
  class space    used 21209K, committed 21824K, reserved 1048576K
}
Event: 398.304 GC heap before
{Heap before GC invocations=98 (full 0):
 garbage-first heap   total 421888K, used 371670K [0x0000000080000000, 0x0000000100000000)
  region size 1024K, 130 young (133120K), 7 survivors (7168K)
 Metaspace       used 157184K, committed 158400K, reserved 1187840K
  class space    used 21214K, committed 21824K, reserved 1048576K
}
Event: 398.313 GC heap after
{Heap after GC invocations=99 (full 0):
 garbage-first heap   total 421888K, used 247459K [0x0000000080000000, 0x0000000100000000)
  region size 1024K, 9 young (9216K), 9 survivors (9216K)
 Metaspace       used 157184K, committed 158400K, reserved 1187840K
  class space    used 21214K, committed 21824K, reserved 1048576K
}
Event: 398.577 GC heap before
{Heap before GC invocations=99 (full 0):
 garbage-first heap   total 421888K, used 369315K [0x0000000080000000, 0x0000000100000000)
  region size 1024K, 128 young (131072K), 9 survivors (9216K)
 Metaspace       used 157244K, committed 158464K, reserved 1187840K
  class space    used 21215K, committed 21824K, reserved 1048576K
}
Event: 398.586 GC heap after
{Heap after GC invocations=100 (full 0):
 garbage-first heap   total 421888K, used 247808K [0x0000000080000000, 0x0000000100000000)
  region size 1024K, 9 young (9216K), 9 survivors (9216K)
 Metaspace       used 157244K, committed 158464K, reserved 1187840K
  class space    used 21215K, committed 21824K, reserved 1048576K
}
Event: 398.826 GC heap before
{Heap before GC invocations=100 (full 0):
 garbage-first heap   total 421888K, used 369664K [0x0000000080000000, 0x0000000100000000)
  region size 1024K, 128 young (131072K), 9 survivors (9216K)
 Metaspace       used 157256K, committed 158464K, reserved 1187840K
  class space    used 21215K, committed 21824K, reserved 1048576K
}
Event: 398.835 GC heap after
{Heap after GC invocations=101 (full 0):
 garbage-first heap   total 489472K, used 246718K [0x0000000080000000, 0x0000000100000000)
  region size 1024K, 6 young (6144K), 6 survivors (6144K)
 Metaspace       used 157256K, committed 158464K, reserved 1187840K
  class space    used 21215K, committed 21824K, reserved 1048576K
}
Event: 399.723 GC heap before
{Heap before GC invocations=101 (full 0):
 garbage-first heap   total 489472K, used 430014K [0x0000000080000000, 0x0000000100000000)
  region size 1024K, 185 young (189440K), 6 survivors (6144K)
 Metaspace       used 157287K, committed 158464K, reserved 1187840K
  class space    used 21216K, committed 21824K, reserved 1048576K
}
Event: 399.766 GC heap after
{Heap after GC invocations=102 (full 0):
 garbage-first heap   total 489472K, used 247913K [0x0000000080000000, 0x0000000100000000)
  region size 1024K, 7 young (7168K), 7 survivors (7168K)
 Metaspace       used 157287K, committed 158464K, reserved 1187840K
  class space    used 21216K, committed 21824K, reserved 1048576K
}
Event: 400.712 GC heap before
{Heap before GC invocations=102 (full 0):
 garbage-first heap   total 489472K, used 432233K [0x0000000080000000, 0x0000000100000000)
  region size 1024K, 186 young (190464K), 7 survivors (7168K)
 Metaspace       used 157738K, committed 158912K, reserved 1187840K
  class space    used 21292K, committed 21888K, reserved 1048576K
}
Event: 400.731 GC heap after
{Heap after GC invocations=103 (full 0):
 garbage-first heap   total 489472K, used 251429K [0x0000000080000000, 0x0000000100000000)
  region size 1024K, 9 young (9216K), 9 survivors (9216K)
 Metaspace       used 157738K, committed 158912K, reserved 1187840K
  class space    used 21292K, committed 21888K, reserved 1048576K
}

